#
# There is insufficient memory for the Java Runtime Environment to continue.
# Native memory allocation (malloc) failed to allocate 146656 bytes for Chunk::new
# Possible reasons:
#   The system is out of physical RAM or swap space
#   The process is running with CompressedOops enabled, and the Java Heap may be blocking the growth of the native heap
# Possible solutions:
#   Reduce memory load on the system
#   Increase physical memory or swap space
#   Check if swap backing store is full
#   Decrease Java heap size (-Xmx/-Xms)
#   Decrease number of Java threads
#   Decrease Java thread stack sizes (-Xss)
#   Set larger code cache with -XX:ReservedCodeCacheSize=
#   JVM is running with Unscaled Compressed Oops mode in which the Java heap is
#     placed in the first 4GB address space. The Java Heap base address is the
#     maximum limit for the native heap growth. Please use -XX:HeapBaseMinAddress
#     to set the Java Heap base and to place the Java Heap above 4GB virtual address.
# This output file may be truncated or incomplete.
#
#  Out of Memory Error (arena.cpp:184), pid=29656, tid=29076
#
# JRE version: Java(TM) SE Runtime Environment (20.0.2+9) (build 20.0.2+9-78)
# Java VM: Java HotSpot(TM) 64-Bit Server VM (20.0.2+9-78, mixed mode, tiered, compressed oops, compressed class ptrs, g1 gc, windows-amd64)
# No core dump will be written. Minidumps are not enabled by default on client versions of Windows
#

---------------  S U M M A R Y ------------

Command Line: -Dfile.encoding=UTF-8 --module-path=C:\TY_PROJECT\CMS\build\classes CarManagement.Signup_User

Host: Intel(R) Core(TM) i5-8250U CPU @ 1.60GHz, 8 cores, 7G,  Windows 11 , 64 bit Build 22000 (10.0.22000.708)
Time: Fri Mar 22 03:53:18 2024 India Standard Time elapsed time: 0.273521 seconds (0d 0h 0m 0s)

---------------  T H R E A D  ---------------

Current thread (0x000002108408e1a0):  JavaThread "C2 CompilerThread0" daemon [_thread_in_native, id=29076, stack(0x000000cd9b100000,0x000000cd9b200000)]


Current CompileTask:
C2:    273  179       4       java.util.HashMap::putVal (300 bytes)

Stack: [0x000000cd9b100000,0x000000cd9b200000]
Native frames: (J=compiled Java code, j=interpreted, Vv=VM code, C=native code)
V  [jvm.dll+0x6bc25a]
V  [jvm.dll+0x84971a]
V  [jvm.dll+0x84b315]
V  [jvm.dll+0x84ba13]
V  [jvm.dll+0x280e4f]
V  [jvm.dll+0xc2ab1]
V  [jvm.dll+0xc2dd5]
V  [jvm.dll+0x2f611f]
V  [jvm.dll+0x5e3b0b]
V  [jvm.dll+0x254684]
V  [jvm.dll+0x24ce00]
V  [jvm.dll+0x24a819]
V  [jvm.dll+0x1ce761]
V  [jvm.dll+0x25a0eb]
V  [jvm.dll+0x2587c0]
V  [jvm.dll+0x3f2dd5]
V  [jvm.dll+0x7f5c76]
V  [jvm.dll+0x6baecb]
C  [ucrtbase.dll+0x26c0c]
C  [KERNEL32.DLL+0x154e0]
C  [ntdll.dll+0x485b]


---------------  P R O C E S S  ---------------

Threads class SMR info:
_java_thread_list=0x00000210842a5010, length=11, elements={
0x00000210e1ca0f40, 0x00000210840583f0, 0x0000021084058ed0, 0x00000210840a85a0,
0x00000210840a8ee0, 0x00000210840a9820, 0x000002108408d530, 0x000002108408e1a0,
0x000002108408eb20, 0x00000210fe338380, 0x0000021084518470
}

Java Threads: ( => current thread )
  0x00000210e1ca0f40 JavaThread "main" [_thread_in_Java, id=29068, stack(0x000000cd9a400000,0x000000cd9a500000)]
  0x00000210840583f0 JavaThread "Reference Handler" daemon [_thread_blocked, id=29032, stack(0x000000cd9ab00000,0x000000cd9ac00000)]
  0x0000021084058ed0 JavaThread "Finalizer" daemon [_thread_blocked, id=29028, stack(0x000000cd9ac00000,0x000000cd9ad00000)]
  0x00000210840a85a0 JavaThread "Signal Dispatcher" daemon [_thread_blocked, id=29024, stack(0x000000cd9ad00000,0x000000cd9ae00000)]
  0x00000210840a8ee0 JavaThread "Attach Listener" daemon [_thread_blocked, id=29060, stack(0x000000cd9ae00000,0x000000cd9af00000)]
  0x00000210840a9820 JavaThread "Service Thread" daemon [_thread_blocked, id=29020, stack(0x000000cd9af00000,0x000000cd9b000000)]
  0x000002108408d530 JavaThread "Monitor Deflation Thread" daemon [_thread_blocked, id=29072, stack(0x000000cd9b000000,0x000000cd9b100000)]
=>0x000002108408e1a0 JavaThread "C2 CompilerThread0" daemon [_thread_in_native, id=29076, stack(0x000000cd9b100000,0x000000cd9b200000)]
  0x000002108408eb20 JavaThread "C1 CompilerThread0" daemon [_thread_in_native, id=29080, stack(0x000000cd9b200000,0x000000cd9b300000)]
  0x00000210fe338380 JavaThread "Common-Cleaner" daemon [_thread_blocked, id=28984, stack(0x000000cd9b300000,0x000000cd9b400000)]
  0x0000021084518470 JavaThread "Notification Thread" daemon [_thread_blocked, id=28980, stack(0x000000cd9b400000,0x000000cd9b500000)]

Other Threads:
  0x00000210fe34e7f0 VMThread "VM Thread" [stack: 0x000000cd9aa00000,0x000000cd9ab00000] [id=29044]
  0x0000021084363a70 WatcherThread "VM Periodic Task Thread" [stack: 0x000000cd9b500000,0x000000cd9b600000] [id=28976]
  0x00000210e1d00cf0 WorkerThread "GC Thread#0" [stack: 0x000000cd9a500000,0x000000cd9a600000] [id=29064]
  0x00000210e1d11b80 ConcurrentGCThread "G1 Main Marker" [stack: 0x000000cd9a600000,0x000000cd9a700000] [id=29052]
  0x00000210e1d12d50 WorkerThread "G1 Conc#0" [stack: 0x000000cd9a700000,0x000000cd9a800000] [id=29084]
  0x00000210e1d6e580 ConcurrentGCThread "G1 Refine#0" [stack: 0x000000cd9a800000,0x000000cd9a900000] [id=29056]
  0x00000210fe1fbc50 ConcurrentGCThread "G1 Service" [stack: 0x000000cd9a900000,0x000000cd9aa00000] [id=29048]

Threads with active compile tasks:
C2 CompilerThread0      343  179       4       java.util.HashMap::putVal (300 bytes)

VM state: not at safepoint (normal execution)

VM Mutex/Monitor currently owned by a thread: None

Heap address: 0x0000000081c00000, size: 2020 MB, Compressed Oops mode: 32-bit

CDS archive(s) not mapped
Compressed class space mapped at: 0x0000000100000000-0x0000000140000000, reserved size: 1073741824
Narrow klass base: 0x0000000000000000, Narrow klass shift: 3, Narrow klass range: 0x140000000

GC Precious Log:
 CardTable entry size: 512
 Card Set container configuration: InlinePtr #cards 5 size 8 Array Of Cards #cards 12 size 40 Howl #buckets 4 coarsen threshold 1843 Howl Bitmap #cards 512 size 80 coarsen threshold 460 Card regions per heap region 1 cards per card region 2048
 CPUs: 8 total, 8 available
 Memory: 8073M
 Large Page Support: Disabled
 NUMA Support: Disabled
 Compressed Oops: Enabled (32-bit)
 Heap Region Size: 1M
 Heap Min Capacity: 8M
 Heap Initial Capacity: 128M
 Heap Max Capacity: 2020M
 Pre-touch: Disabled
 Parallel Workers: 8
 Concurrent Workers: 2
 Concurrent Refinement Workers: 8
 Periodic GC: Disabled

Heap:
 garbage-first heap   total 131072K, used 2048K [0x0000000081c00000, 0x0000000100000000)
  region size 1024K, 3 young (3072K), 0 survivors (0K)
 Metaspace       used 7631K, committed 7872K, reserved 1114112K
  class space    used 644K, committed 768K, reserved 1048576K

Heap Regions: E=young(eden), S=young(survivor), O=old, HS=humongous(starts), HC=humongous(continues), CS=collection set, F=free, OA=open archive, CA=closed archive, TAMS=top-at-mark-start, PB=parsable bottom
|   0|0x0000000081c00000, 0x0000000081c00000, 0x0000000081d00000|  0%| F|  |TAMS 0x0000000081c00000| PB 0x0000000081c00000| Untracked 
|   1|0x0000000081d00000, 0x0000000081d00000, 0x0000000081e00000|  0%| F|  |TAMS 0x0000000081d00000| PB 0x0000000081d00000| Untracked 
|   2|0x0000000081e00000, 0x0000000081e00000, 0x0000000081f00000|  0%| F|  |TAMS 0x0000000081e00000| PB 0x0000000081e00000| Untracked 
|   3|0x0000000081f00000, 0x0000000081f00000, 0x0000000082000000|  0%| F|  |TAMS 0x0000000081f00000| PB 0x0000000081f00000| Untracked 
|   4|0x0000000082000000, 0x0000000082000000, 0x0000000082100000|  0%| F|  |TAMS 0x0000000082000000| PB 0x0000000082000000| Untracked 
|   5|0x0000000082100000, 0x0000000082100000, 0x0000000082200000|  0%| F|  |TAMS 0x0000000082100000| PB 0x0000000082100000| Untracked 
|   6|0x0000000082200000, 0x0000000082200000, 0x0000000082300000|  0%| F|  |TAMS 0x0000000082200000| PB 0x0000000082200000| Untracked 
|   7|0x0000000082300000, 0x0000000082300000, 0x0000000082400000|  0%| F|  |TAMS 0x0000000082300000| PB 0x0000000082300000| Untracked 
|   8|0x0000000082400000, 0x0000000082400000, 0x0000000082500000|  0%| F|  |TAMS 0x0000000082400000| PB 0x0000000082400000| Untracked 
|   9|0x0000000082500000, 0x0000000082500000, 0x0000000082600000|  0%| F|  |TAMS 0x0000000082500000| PB 0x0000000082500000| Untracked 
|  10|0x0000000082600000, 0x0000000082600000, 0x0000000082700000|  0%| F|  |TAMS 0x0000000082600000| PB 0x0000000082600000| Untracked 
|  11|0x0000000082700000, 0x0000000082700000, 0x0000000082800000|  0%| F|  |TAMS 0x0000000082700000| PB 0x0000000082700000| Untracked 
|  12|0x0000000082800000, 0x0000000082800000, 0x0000000082900000|  0%| F|  |TAMS 0x0000000082800000| PB 0x0000000082800000| Untracked 
|  13|0x0000000082900000, 0x0000000082900000, 0x0000000082a00000|  0%| F|  |TAMS 0x0000000082900000| PB 0x0000000082900000| Untracked 
|  14|0x0000000082a00000, 0x0000000082a00000, 0x0000000082b00000|  0%| F|  |TAMS 0x0000000082a00000| PB 0x0000000082a00000| Untracked 
|  15|0x0000000082b00000, 0x0000000082b00000, 0x0000000082c00000|  0%| F|  |TAMS 0x0000000082b00000| PB 0x0000000082b00000| Untracked 
|  16|0x0000000082c00000, 0x0000000082c00000, 0x0000000082d00000|  0%| F|  |TAMS 0x0000000082c00000| PB 0x0000000082c00000| Untracked 
|  17|0x0000000082d00000, 0x0000000082d00000, 0x0000000082e00000|  0%| F|  |TAMS 0x0000000082d00000| PB 0x0000000082d00000| Untracked 
|  18|0x0000000082e00000, 0x0000000082e00000, 0x0000000082f00000|  0%| F|  |TAMS 0x0000000082e00000| PB 0x0000000082e00000| Untracked 
|  19|0x0000000082f00000, 0x0000000082f00000, 0x0000000083000000|  0%| F|  |TAMS 0x0000000082f00000| PB 0x0000000082f00000| Untracked 
|  20|0x0000000083000000, 0x0000000083000000, 0x0000000083100000|  0%| F|  |TAMS 0x0000000083000000| PB 0x0000000083000000| Untracked 
|  21|0x0000000083100000, 0x0000000083100000, 0x0000000083200000|  0%| F|  |TAMS 0x0000000083100000| PB 0x0000000083100000| Untracked 
|  22|0x0000000083200000, 0x0000000083200000, 0x0000000083300000|  0%| F|  |TAMS 0x0000000083200000| PB 0x0000000083200000| Untracked 
|  23|0x0000000083300000, 0x0000000083300000, 0x0000000083400000|  0%| F|  |TAMS 0x0000000083300000| PB 0x0000000083300000| Untracked 
|  24|0x0000000083400000, 0x0000000083400000, 0x0000000083500000|  0%| F|  |TAMS 0x0000000083400000| PB 0x0000000083400000| Untracked 
|  25|0x0000000083500000, 0x0000000083500000, 0x0000000083600000|  0%| F|  |TAMS 0x0000000083500000| PB 0x0000000083500000| Untracked 
|  26|0x0000000083600000, 0x0000000083600000, 0x0000000083700000|  0%| F|  |TAMS 0x0000000083600000| PB 0x0000000083600000| Untracked 
|  27|0x0000000083700000, 0x0000000083700000, 0x0000000083800000|  0%| F|  |TAMS 0x0000000083700000| PB 0x0000000083700000| Untracked 
|  28|0x0000000083800000, 0x0000000083800000, 0x0000000083900000|  0%| F|  |TAMS 0x0000000083800000| PB 0x0000000083800000| Untracked 
|  29|0x0000000083900000, 0x0000000083900000, 0x0000000083a00000|  0%| F|  |TAMS 0x0000000083900000| PB 0x0000000083900000| Untracked 
|  30|0x0000000083a00000, 0x0000000083a00000, 0x0000000083b00000|  0%| F|  |TAMS 0x0000000083a00000| PB 0x0000000083a00000| Untracked 
|  31|0x0000000083b00000, 0x0000000083b00000, 0x0000000083c00000|  0%| F|  |TAMS 0x0000000083b00000| PB 0x0000000083b00000| Untracked 
|  32|0x0000000083c00000, 0x0000000083c00000, 0x0000000083d00000|  0%| F|  |TAMS 0x0000000083c00000| PB 0x0000000083c00000| Untracked 
|  33|0x0000000083d00000, 0x0000000083d00000, 0x0000000083e00000|  0%| F|  |TAMS 0x0000000083d00000| PB 0x0000000083d00000| Untracked 
|  34|0x0000000083e00000, 0x0000000083e00000, 0x0000000083f00000|  0%| F|  |TAMS 0x0000000083e00000| PB 0x0000000083e00000| Untracked 
|  35|0x0000000083f00000, 0x0000000083f00000, 0x0000000084000000|  0%| F|  |TAMS 0x0000000083f00000| PB 0x0000000083f00000| Untracked 
|  36|0x0000000084000000, 0x0000000084000000, 0x0000000084100000|  0%| F|  |TAMS 0x0000000084000000| PB 0x0000000084000000| Untracked 
|  37|0x0000000084100000, 0x0000000084100000, 0x0000000084200000|  0%| F|  |TAMS 0x0000000084100000| PB 0x0000000084100000| Untracked 
|  38|0x0000000084200000, 0x0000000084200000, 0x0000000084300000|  0%| F|  |TAMS 0x0000000084200000| PB 0x0000000084200000| Untracked 
|  39|0x0000000084300000, 0x0000000084300000, 0x0000000084400000|  0%| F|  |TAMS 0x0000000084300000| PB 0x0000000084300000| Untracked 
|  40|0x0000000084400000, 0x0000000084400000, 0x0000000084500000|  0%| F|  |TAMS 0x0000000084400000| PB 0x0000000084400000| Untracked 
|  41|0x0000000084500000, 0x0000000084500000, 0x0000000084600000|  0%| F|  |TAMS 0x0000000084500000| PB 0x0000000084500000| Untracked 
|  42|0x0000000084600000, 0x0000000084600000, 0x0000000084700000|  0%| F|  |TAMS 0x0000000084600000| PB 0x0000000084600000| Untracked 
|  43|0x0000000084700000, 0x0000000084700000, 0x0000000084800000|  0%| F|  |TAMS 0x0000000084700000| PB 0x0000000084700000| Untracked 
|  44|0x0000000084800000, 0x0000000084800000, 0x0000000084900000|  0%| F|  |TAMS 0x0000000084800000| PB 0x0000000084800000| Untracked 
|  45|0x0000000084900000, 0x0000000084900000, 0x0000000084a00000|  0%| F|  |TAMS 0x0000000084900000| PB 0x0000000084900000| Untracked 
|  46|0x0000000084a00000, 0x0000000084a00000, 0x0000000084b00000|  0%| F|  |TAMS 0x0000000084a00000| PB 0x0000000084a00000| Untracked 
|  47|0x0000000084b00000, 0x0000000084b00000, 0x0000000084c00000|  0%| F|  |TAMS 0x0000000084b00000| PB 0x0000000084b00000| Untracked 
|  48|0x0000000084c00000, 0x0000000084c00000, 0x0000000084d00000|  0%| F|  |TAMS 0x0000000084c00000| PB 0x0000000084c00000| Untracked 
|  49|0x0000000084d00000, 0x0000000084d00000, 0x0000000084e00000|  0%| F|  |TAMS 0x0000000084d00000| PB 0x0000000084d00000| Untracked 
|  50|0x0000000084e00000, 0x0000000084e00000, 0x0000000084f00000|  0%| F|  |TAMS 0x0000000084e00000| PB 0x0000000084e00000| Untracked 
|  51|0x0000000084f00000, 0x0000000084f00000, 0x0000000085000000|  0%| F|  |TAMS 0x0000000084f00000| PB 0x0000000084f00000| Untracked 
|  52|0x0000000085000000, 0x0000000085000000, 0x0000000085100000|  0%| F|  |TAMS 0x0000000085000000| PB 0x0000000085000000| Untracked 
|  53|0x0000000085100000, 0x0000000085100000, 0x0000000085200000|  0%| F|  |TAMS 0x0000000085100000| PB 0x0000000085100000| Untracked 
|  54|0x0000000085200000, 0x0000000085200000, 0x0000000085300000|  0%| F|  |TAMS 0x0000000085200000| PB 0x0000000085200000| Untracked 
|  55|0x0000000085300000, 0x0000000085300000, 0x0000000085400000|  0%| F|  |TAMS 0x0000000085300000| PB 0x0000000085300000| Untracked 
|  56|0x0000000085400000, 0x0000000085400000, 0x0000000085500000|  0%| F|  |TAMS 0x0000000085400000| PB 0x0000000085400000| Untracked 
|  57|0x0000000085500000, 0x0000000085500000, 0x0000000085600000|  0%| F|  |TAMS 0x0000000085500000| PB 0x0000000085500000| Untracked 
|  58|0x0000000085600000, 0x0000000085600000, 0x0000000085700000|  0%| F|  |TAMS 0x0000000085600000| PB 0x0000000085600000| Untracked 
|  59|0x0000000085700000, 0x0000000085700000, 0x0000000085800000|  0%| F|  |TAMS 0x0000000085700000| PB 0x0000000085700000| Untracked 
|  60|0x0000000085800000, 0x0000000085800000, 0x0000000085900000|  0%| F|  |TAMS 0x0000000085800000| PB 0x0000000085800000| Untracked 
|  61|0x0000000085900000, 0x0000000085900000, 0x0000000085a00000|  0%| F|  |TAMS 0x0000000085900000| PB 0x0000000085900000| Untracked 
|  62|0x0000000085a00000, 0x0000000085a00000, 0x0000000085b00000|  0%| F|  |TAMS 0x0000000085a00000| PB 0x0000000085a00000| Untracked 
|  63|0x0000000085b00000, 0x0000000085b00000, 0x0000000085c00000|  0%| F|  |TAMS 0x0000000085b00000| PB 0x0000000085b00000| Untracked 
|  64|0x0000000085c00000, 0x0000000085c00000, 0x0000000085d00000|  0%| F|  |TAMS 0x0000000085c00000| PB 0x0000000085c00000| Untracked 
|  65|0x0000000085d00000, 0x0000000085d00000, 0x0000000085e00000|  0%| F|  |TAMS 0x0000000085d00000| PB 0x0000000085d00000| Untracked 
|  66|0x0000000085e00000, 0x0000000085e00000, 0x0000000085f00000|  0%| F|  |TAMS 0x0000000085e00000| PB 0x0000000085e00000| Untracked 
|  67|0x0000000085f00000, 0x0000000085f00000, 0x0000000086000000|  0%| F|  |TAMS 0x0000000085f00000| PB 0x0000000085f00000| Untracked 
|  68|0x0000000086000000, 0x0000000086000000, 0x0000000086100000|  0%| F|  |TAMS 0x0000000086000000| PB 0x0000000086000000| Untracked 
|  69|0x0000000086100000, 0x0000000086100000, 0x0000000086200000|  0%| F|  |TAMS 0x0000000086100000| PB 0x0000000086100000| Untracked 
|  70|0x0000000086200000, 0x0000000086200000, 0x0000000086300000|  0%| F|  |TAMS 0x0000000086200000| PB 0x0000000086200000| Untracked 
|  71|0x0000000086300000, 0x0000000086300000, 0x0000000086400000|  0%| F|  |TAMS 0x0000000086300000| PB 0x0000000086300000| Untracked 
|  72|0x0000000086400000, 0x0000000086400000, 0x0000000086500000|  0%| F|  |TAMS 0x0000000086400000| PB 0x0000000086400000| Untracked 
|  73|0x0000000086500000, 0x0000000086500000, 0x0000000086600000|  0%| F|  |TAMS 0x0000000086500000| PB 0x0000000086500000| Untracked 
|  74|0x0000000086600000, 0x0000000086600000, 0x0000000086700000|  0%| F|  |TAMS 0x0000000086600000| PB 0x0000000086600000| Untracked 
|  75|0x0000000086700000, 0x0000000086700000, 0x0000000086800000|  0%| F|  |TAMS 0x0000000086700000| PB 0x0000000086700000| Untracked 
|  76|0x0000000086800000, 0x0000000086800000, 0x0000000086900000|  0%| F|  |TAMS 0x0000000086800000| PB 0x0000000086800000| Untracked 
|  77|0x0000000086900000, 0x0000000086900000, 0x0000000086a00000|  0%| F|  |TAMS 0x0000000086900000| PB 0x0000000086900000| Untracked 
|  78|0x0000000086a00000, 0x0000000086a00000, 0x0000000086b00000|  0%| F|  |TAMS 0x0000000086a00000| PB 0x0000000086a00000| Untracked 
|  79|0x0000000086b00000, 0x0000000086b00000, 0x0000000086c00000|  0%| F|  |TAMS 0x0000000086b00000| PB 0x0000000086b00000| Untracked 
|  80|0x0000000086c00000, 0x0000000086c00000, 0x0000000086d00000|  0%| F|  |TAMS 0x0000000086c00000| PB 0x0000000086c00000| Untracked 
|  81|0x0000000086d00000, 0x0000000086d00000, 0x0000000086e00000|  0%| F|  |TAMS 0x0000000086d00000| PB 0x0000000086d00000| Untracked 
|  82|0x0000000086e00000, 0x0000000086e00000, 0x0000000086f00000|  0%| F|  |TAMS 0x0000000086e00000| PB 0x0000000086e00000| Untracked 
|  83|0x0000000086f00000, 0x0000000086f00000, 0x0000000087000000|  0%| F|  |TAMS 0x0000000086f00000| PB 0x0000000086f00000| Untracked 
|  84|0x0000000087000000, 0x0000000087000000, 0x0000000087100000|  0%| F|  |TAMS 0x0000000087000000| PB 0x0000000087000000| Untracked 
|  85|0x0000000087100000, 0x0000000087100000, 0x0000000087200000|  0%| F|  |TAMS 0x0000000087100000| PB 0x0000000087100000| Untracked 
|  86|0x0000000087200000, 0x0000000087200000, 0x0000000087300000|  0%| F|  |TAMS 0x0000000087200000| PB 0x0000000087200000| Untracked 
|  87|0x0000000087300000, 0x0000000087300000, 0x0000000087400000|  0%| F|  |TAMS 0x0000000087300000| PB 0x0000000087300000| Untracked 
|  88|0x0000000087400000, 0x0000000087400000, 0x0000000087500000|  0%| F|  |TAMS 0x0000000087400000| PB 0x0000000087400000| Untracked 
|  89|0x0000000087500000, 0x0000000087500000, 0x0000000087600000|  0%| F|  |TAMS 0x0000000087500000| PB 0x0000000087500000| Untracked 
|  90|0x0000000087600000, 0x0000000087600000, 0x0000000087700000|  0%| F|  |TAMS 0x0000000087600000| PB 0x0000000087600000| Untracked 
|  91|0x0000000087700000, 0x0000000087700000, 0x0000000087800000|  0%| F|  |TAMS 0x0000000087700000| PB 0x0000000087700000| Untracked 
|  92|0x0000000087800000, 0x0000000087800000, 0x0000000087900000|  0%| F|  |TAMS 0x0000000087800000| PB 0x0000000087800000| Untracked 
|  93|0x0000000087900000, 0x0000000087900000, 0x0000000087a00000|  0%| F|  |TAMS 0x0000000087900000| PB 0x0000000087900000| Untracked 
|  94|0x0000000087a00000, 0x0000000087a00000, 0x0000000087b00000|  0%| F|  |TAMS 0x0000000087a00000| PB 0x0000000087a00000| Untracked 
|  95|0x0000000087b00000, 0x0000000087b00000, 0x0000000087c00000|  0%| F|  |TAMS 0x0000000087b00000| PB 0x0000000087b00000| Untracked 
|  96|0x0000000087c00000, 0x0000000087c00000, 0x0000000087d00000|  0%| F|  |TAMS 0x0000000087c00000| PB 0x0000000087c00000| Untracked 
|  97|0x0000000087d00000, 0x0000000087d00000, 0x0000000087e00000|  0%| F|  |TAMS 0x0000000087d00000| PB 0x0000000087d00000| Untracked 
|  98|0x0000000087e00000, 0x0000000087e00000, 0x0000000087f00000|  0%| F|  |TAMS 0x0000000087e00000| PB 0x0000000087e00000| Untracked 
|  99|0x0000000087f00000, 0x0000000087f00000, 0x0000000088000000|  0%| F|  |TAMS 0x0000000087f00000| PB 0x0000000087f00000| Untracked 
| 100|0x0000000088000000, 0x0000000088000000, 0x0000000088100000|  0%| F|  |TAMS 0x0000000088000000| PB 0x0000000088000000| Untracked 
| 101|0x0000000088100000, 0x0000000088100000, 0x0000000088200000|  0%| F|  |TAMS 0x0000000088100000| PB 0x0000000088100000| Untracked 
| 102|0x0000000088200000, 0x0000000088200000, 0x0000000088300000|  0%| F|  |TAMS 0x0000000088200000| PB 0x0000000088200000| Untracked 
| 103|0x0000000088300000, 0x0000000088300000, 0x0000000088400000|  0%| F|  |TAMS 0x0000000088300000| PB 0x0000000088300000| Untracked 
| 104|0x0000000088400000, 0x0000000088400000, 0x0000000088500000|  0%| F|  |TAMS 0x0000000088400000| PB 0x0000000088400000| Untracked 
| 105|0x0000000088500000, 0x0000000088500000, 0x0000000088600000|  0%| F|  |TAMS 0x0000000088500000| PB 0x0000000088500000| Untracked 
| 106|0x0000000088600000, 0x0000000088600000, 0x0000000088700000|  0%| F|  |TAMS 0x0000000088600000| PB 0x0000000088600000| Untracked 
| 107|0x0000000088700000, 0x0000000088700000, 0x0000000088800000|  0%| F|  |TAMS 0x0000000088700000| PB 0x0000000088700000| Untracked 
| 108|0x0000000088800000, 0x0000000088800000, 0x0000000088900000|  0%| F|  |TAMS 0x0000000088800000| PB 0x0000000088800000| Untracked 
| 109|0x0000000088900000, 0x0000000088900000, 0x0000000088a00000|  0%| F|  |TAMS 0x0000000088900000| PB 0x0000000088900000| Untracked 
| 110|0x0000000088a00000, 0x0000000088a00000, 0x0000000088b00000|  0%| F|  |TAMS 0x0000000088a00000| PB 0x0000000088a00000| Untracked 
| 111|0x0000000088b00000, 0x0000000088b00000, 0x0000000088c00000|  0%| F|  |TAMS 0x0000000088b00000| PB 0x0000000088b00000| Untracked 
| 112|0x0000000088c00000, 0x0000000088c00000, 0x0000000088d00000|  0%| F|  |TAMS 0x0000000088c00000| PB 0x0000000088c00000| Untracked 
| 113|0x0000000088d00000, 0x0000000088d00000, 0x0000000088e00000|  0%| F|  |TAMS 0x0000000088d00000| PB 0x0000000088d00000| Untracked 
| 114|0x0000000088e00000, 0x0000000088e00000, 0x0000000088f00000|  0%| F|  |TAMS 0x0000000088e00000| PB 0x0000000088e00000| Untracked 
| 115|0x0000000088f00000, 0x0000000088f00000, 0x0000000089000000|  0%| F|  |TAMS 0x0000000088f00000| PB 0x0000000088f00000| Untracked 
| 116|0x0000000089000000, 0x0000000089000000, 0x0000000089100000|  0%| F|  |TAMS 0x0000000089000000| PB 0x0000000089000000| Untracked 
| 117|0x0000000089100000, 0x0000000089100000, 0x0000000089200000|  0%| F|  |TAMS 0x0000000089100000| PB 0x0000000089100000| Untracked 
| 118|0x0000000089200000, 0x0000000089200000, 0x0000000089300000|  0%| F|  |TAMS 0x0000000089200000| PB 0x0000000089200000| Untracked 
| 119|0x0000000089300000, 0x0000000089300000, 0x0000000089400000|  0%| F|  |TAMS 0x0000000089300000| PB 0x0000000089300000| Untracked 
| 120|0x0000000089400000, 0x0000000089400000, 0x0000000089500000|  0%| F|  |TAMS 0x0000000089400000| PB 0x0000000089400000| Untracked 
| 121|0x0000000089500000, 0x0000000089500000, 0x0000000089600000|  0%| F|  |TAMS 0x0000000089500000| PB 0x0000000089500000| Untracked 
| 122|0x0000000089600000, 0x0000000089600000, 0x0000000089700000|  0%| F|  |TAMS 0x0000000089600000| PB 0x0000000089600000| Untracked 
| 123|0x0000000089700000, 0x0000000089700000, 0x0000000089800000|  0%| F|  |TAMS 0x0000000089700000| PB 0x0000000089700000| Untracked 
| 124|0x0000000089800000, 0x0000000089800000, 0x0000000089900000|  0%| F|  |TAMS 0x0000000089800000| PB 0x0000000089800000| Untracked 
| 125|0x0000000089900000, 0x0000000089a00000, 0x0000000089a00000|100%| E|  |TAMS 0x0000000089900000| PB 0x0000000089900000| Complete 
| 126|0x0000000089a00000, 0x0000000089b00000, 0x0000000089b00000|100%| E|CS|TAMS 0x0000000089a00000| PB 0x0000000089a00000| Complete 
| 127|0x0000000089b00000, 0x0000000089c00000, 0x0000000089c00000|100%| E|CS|TAMS 0x0000000089b00000| PB 0x0000000089b00000| Complete 

Card table byte_map: [0x00000210f94b0000,0x00000210f98b0000] _byte_map_base: 0x00000210f90a2000

Marking Bits: (CMBitMap*) 0x00000210e1d01320
 Bits: [0x00000210f9cb0000, 0x00000210fbc40000)

Polling page: 0x00000210e1470000

Metaspace:

Usage:
  Non-class:      6.85 MB used.
      Class:    648.27 KB used.
       Both:      7.48 MB used.

Virtual space:
  Non-class space:       64.00 MB reserved,       6.94 MB ( 11%) committed,  1 nodes.
      Class space:        1.00 GB reserved,     768.00 KB ( <1%) committed,  1 nodes.
             Both:        1.06 GB reserved,       7.69 MB ( <1%) committed. 

Chunk freelists:
   Non-Class:  1008.00 KB
       Class:  3.25 MB
        Both:  4.23 MB

MaxMetaspaceSize: unlimited
CompressedClassSpaceSize: 1.00 GB
Initial GC threshold: 21.00 MB
Current GC threshold: 21.00 MB
CDS: off
MetaspaceReclaimPolicy: balanced
 - commit_granule_bytes: 65536.
 - commit_granule_words: 8192.
 - virtual_space_node_default_size: 8388608.
 - enlarge_chunks_in_place: 1.
 - new_chunks_are_fully_committed: 0.
 - uncommit_free_chunks: 1.
 - use_allocation_guard: 0.


Internal statistics:

num_allocs_failed_limit: 0.
num_arena_births: 10.
num_arena_deaths: 0.
num_vsnodes_births: 2.
num_vsnodes_deaths: 0.
num_space_committed: 123.
num_space_uncommitted: 0.
num_chunks_returned_to_freelist: 0.
num_chunks_taken_from_freelist: 29.
num_chunk_merges: 0.
num_chunk_splits: 10.
num_chunks_enlarged: 4.
num_inconsistent_stats: 0.

CodeHeap 'non-profiled nmethods': size=120000Kb used=60Kb max_used=60Kb free=119939Kb
 bounds [0x00000210f1850000, 0x00000210f1ac0000, 0x00000210f8d80000]
CodeHeap 'profiled nmethods': size=120000Kb used=251Kb max_used=251Kb free=119748Kb
 bounds [0x00000210e9d80000, 0x00000210e9ff0000, 0x00000210f12b0000]
CodeHeap 'non-nmethods': size=5760Kb used=1338Kb max_used=1338Kb free=4421Kb
 bounds [0x00000210f12b0000, 0x00000210f1520000, 0x00000210f1850000]
 total_blobs=615 nmethods=219 adapters=307
 compilation: enabled
              stopped_count=0, restarted_count=0
 full_count=0

Compilation events (20 events):
Event: 0.252 Thread 0x000002108408eb20  183       1       java.util.KeyValueHolder::getValue (5 bytes)
Event: 0.252 Thread 0x000002108408eb20 nmethod 183 0x00000210f185d490 code [0x00000210f185d600, 0x00000210f185d6c8]
Event: 0.253 Thread 0x000002108408eb20  187       3       java.util.Optional::ofNullable (19 bytes)
Event: 0.253 Thread 0x000002108408eb20 nmethod 187 0x00000210e9db0f90 code [0x00000210e9db1120, 0x00000210e9db13d8]
Event: 0.253 Thread 0x000002108408eb20  188       3       java.lang.AbstractStringBuilder::append (45 bytes)
Event: 0.254 Thread 0x000002108408eb20 nmethod 188 0x00000210e9db1510 code [0x00000210e9db1700, 0x00000210e9db1c20]
Event: 0.254 Thread 0x000002108408eb20  190       3       java.lang.module.ResolvedModule::name (11 bytes)
Event: 0.254 Thread 0x000002108408eb20 nmethod 190 0x00000210e9db1e90 code [0x00000210e9db2020, 0x00000210e9db2170]
Event: 0.254 Thread 0x000002108408eb20  189       1       java.lang.module.ModuleDescriptor$Version::toString (5 bytes)
Event: 0.254 Thread 0x000002108408eb20 nmethod 189 0x00000210f185d790 code [0x00000210f185d900, 0x00000210f185d9c8]
Event: 0.255 Thread 0x000002108408eb20  191       1       java.lang.module.ResolvedModule::configuration (5 bytes)
Event: 0.255 Thread 0x000002108408eb20 nmethod 191 0x00000210f185da90 code [0x00000210f185dc00, 0x00000210f185dcc8]
Event: 0.255 Thread 0x000002108408eb20  192       3       java.util.HashSet::<init> (16 bytes)
Event: 0.255 Thread 0x000002108408eb20 nmethod 192 0x00000210e9db2290 code [0x00000210e9db2440, 0x00000210e9db2848]
Event: 0.256 Thread 0x000002108408eb20  193       1       java.lang.module.ModuleDescriptor::isOpen (5 bytes)
Event: 0.256 Thread 0x000002108408eb20 nmethod 193 0x00000210f185dd90 code [0x00000210f185df00, 0x00000210f185dfd0]
Event: 0.256 Thread 0x000002108408eb20  195       1       java.util.HashMap::size (5 bytes)
Event: 0.256 Thread 0x000002108408eb20 nmethod 195 0x00000210f185e490 code [0x00000210f185e600, 0x00000210f185e6c8]
Event: 0.256 Thread 0x000002108408eb20  196       1       java.lang.module.ModuleDescriptor$Provides::service (5 bytes)
Event: 0.256 Thread 0x000002108408eb20 nmethod 196 0x00000210f185e790 code [0x00000210f185e900, 0x00000210f185e9c8]

GC Heap History (0 events):
No events

Dll operation events (4 events):
Event: 0.013 Loaded shared library C:\Program Files\Java\jdk-20\bin\java.dll
Event: 0.046 Loaded shared library C:\Program Files\Java\jdk-20\bin\jsvml.dll
Event: 0.226 Loaded shared library C:\Program Files\Java\jdk-20\bin\net.dll
Event: 0.230 Loaded shared library C:\Program Files\Java\jdk-20\bin\nio.dll

Deoptimization events (0 events):
No events

Classes loaded (20 events):
Event: 0.237 Loading class java/lang/ModuleLayer
Event: 0.238 Loading class java/lang/ModuleLayer done
Event: 0.238 Loading class java/util/LinkedHashSet
Event: 0.238 Loading class java/util/LinkedHashSet done
Event: 0.238 Loading class java/util/LinkedHashMap
Event: 0.239 Loading class java/util/LinkedHashMap done
Event: 0.239 Loading class jdk/internal/module/ModuleReferenceImpl$CachedHash
Event: 0.239 Loading class jdk/internal/module/ModuleReferenceImpl$CachedHash done
Event: 0.240 Loading class java/lang/module/ResolvedModule
Event: 0.240 Loading class java/lang/module/ResolvedModule done
Event: 0.249 Loading class jdk/internal/module/ModuleLoaderMap
Event: 0.250 Loading class jdk/internal/module/ModuleLoaderMap done
Event: 0.250 Loading class jdk/internal/module/ModuleLoaderMap$Mapper
Event: 0.250 Loading class jdk/internal/module/ModuleLoaderMap$Mapper done
Event: 0.250 Loading class jdk/internal/module/ModuleLoaderMap$Modules
Event: 0.250 Loading class jdk/internal/module/ModuleLoaderMap$Modules done
Event: 0.256 Loading class jdk/internal/loader/AbstractClassLoaderValue$Memoizer
Event: 0.256 Loading class jdk/internal/loader/AbstractClassLoaderValue$Memoizer done
Event: 0.256 Loading class jdk/internal/module/ServicesCatalog$ServiceProvider
Event: 0.256 Loading class jdk/internal/module/ServicesCatalog$ServiceProvider done

Classes unloaded (0 events):
No events

Classes redefined (0 events):
No events

Internal exceptions (2 events):
Event: 0.233 Thread 0x00000210e1ca0f40 Exception <a 'sun/nio/fs/WindowsException'{0x0000000089a5dd30}> (0x0000000089a5dd30) 
thrown [s\open\src\hotspot\share\prims\jni.cpp, line 519]
Event: 0.236 Thread 0x00000210e1ca0f40 Exception <a 'sun/nio/fs/WindowsException'{0x0000000089a5fc18}> (0x0000000089a5fc18) 
thrown [s\open\src\hotspot\share\prims\jni.cpp, line 519]

VM Operations (2 events):
Event: 0.239 Executing VM operation: HandshakeAllThreads
Event: 0.239 Executing VM operation: HandshakeAllThreads done

Events (10 events):
Event: 0.047 Thread 0x00000210e1ca0f40 Thread added: 0x00000210e1ca0f40
Event: 0.076 Thread 0x00000210840583f0 Thread added: 0x00000210840583f0
Event: 0.076 Thread 0x0000021084058ed0 Thread added: 0x0000021084058ed0
Event: 0.077 Thread 0x00000210840a85a0 Thread added: 0x00000210840a85a0
Event: 0.077 Thread 0x00000210840a8ee0 Thread added: 0x00000210840a8ee0
Event: 0.078 Thread 0x00000210840a9820 Thread added: 0x00000210840a9820
Event: 0.078 Thread 0x000002108408d530 Thread added: 0x000002108408d530
Event: 0.078 Thread 0x000002108408e1a0 Thread added: 0x000002108408e1a0
Event: 0.078 Thread 0x000002108408eb20 Thread added: 0x000002108408eb20
Event: 0.193 Thread 0x00000210fe338380 Thread added: 0x00000210fe338380


Dynamic libraries:
0x00007ff70f220000 - 0x00007ff70f230000 	C:\Program Files\Java\jdk-20\bin\java.exe
0x00007ffa65520000 - 0x00007ffa65729000 	C:\WINDOWS\SYSTEM32\ntdll.dll
0x00007ffa63b50000 - 0x00007ffa63c0d000 	C:\WINDOWS\System32\KERNEL32.DLL
0x00007ffa62bc0000 - 0x00007ffa62f3d000 	C:\WINDOWS\System32\KERNELBASE.dll
0x00007ffa631d0000 - 0x00007ffa632e1000 	C:\WINDOWS\System32\ucrtbase.dll
0x00007ffa5d7f0000 - 0x00007ffa5d80b000 	C:\Program Files\Java\jdk-20\bin\VCRUNTIME140.dll
0x00007ffa59970000 - 0x00007ffa59989000 	C:\Program Files\Java\jdk-20\bin\jli.dll
0x00007ffa64fc0000 - 0x00007ffa6506e000 	C:\WINDOWS\System32\ADVAPI32.dll
0x00007ffa64590000 - 0x00007ffa64633000 	C:\WINDOWS\System32\msvcrt.dll
0x00007ffa64400000 - 0x00007ffa6449e000 	C:\WINDOWS\System32\sechost.dll
0x00007ffa638e0000 - 0x00007ffa63a00000 	C:\WINDOWS\System32\RPCRT4.dll
0x00007ffa634c0000 - 0x00007ffa6366d000 	C:\WINDOWS\System32\USER32.dll
0x00007ffa63030000 - 0x00007ffa63056000 	C:\WINDOWS\System32\win32u.dll
0x00007ffa63ac0000 - 0x00007ffa63ae9000 	C:\WINDOWS\System32\GDI32.dll
0x00007ffa50c10000 - 0x00007ffa50eb5000 	C:\WINDOWS\WinSxS\amd64_microsoft.windows.common-controls_6595b64144ccf1df_6.0.22000.120_none_9d947278b86cc467\COMCTL32.dll
0x00007ffa62a00000 - 0x00007ffa62b18000 	C:\WINDOWS\System32\gdi32full.dll
0x00007ffa62b20000 - 0x00007ffa62bbd000 	C:\WINDOWS\System32\msvcp_win.dll
0x00007ffa5cc30000 - 0x00007ffa5cc3a000 	C:\WINDOWS\SYSTEM32\VERSION.dll
0x00007ffa65440000 - 0x00007ffa65471000 	C:\WINDOWS\System32\IMM32.DLL
0x00007ffa59b10000 - 0x00007ffa59b1c000 	C:\Program Files\Java\jdk-20\bin\vcruntime140_1.dll
0x00007ffa41ec0000 - 0x00007ffa41f4e000 	C:\Program Files\Java\jdk-20\bin\msvcp140.dll
0x00007ff9fd490000 - 0x00007ff9fe128000 	C:\Program Files\Java\jdk-20\bin\server\jvm.dll
0x00007ffa5d2c0000 - 0x00007ffa5d2f3000 	C:\WINDOWS\SYSTEM32\WINMM.dll
0x00007ffa2f3b0000 - 0x00007ffa2f3b9000 	C:\WINDOWS\SYSTEM32\WSOCK32.dll
0x00007ffa63870000 - 0x00007ffa638df000 	C:\WINDOWS\System32\WS2_32.dll
0x00007ffa61bf0000 - 0x00007ffa61c08000 	C:\WINDOWS\SYSTEM32\kernel.appcore.dll
0x00007ffa59a80000 - 0x00007ffa59a8a000 	C:\Program Files\Java\jdk-20\bin\jimage.dll
0x00007ffa51a00000 - 0x00007ffa51c21000 	C:\WINDOWS\SYSTEM32\DBGHELP.DLL
0x00007ffa44650000 - 0x00007ffa44681000 	C:\WINDOWS\SYSTEM32\dbgcore.DLL
0x00007ffa62f40000 - 0x00007ffa62fbf000 	C:\WINDOWS\System32\bcryptPrimitives.dll
0x00007ffa4fe70000 - 0x00007ffa4fe96000 	C:\Program Files\Java\jdk-20\bin\java.dll
0x00007ffa40550000 - 0x00007ffa40627000 	C:\Program Files\Java\jdk-20\bin\jsvml.dll
0x00007ffa64800000 - 0x00007ffa64fb8000 	C:\WINDOWS\System32\SHELL32.dll
0x00007ffa60b70000 - 0x00007ffa613d8000 	C:\WINDOWS\SYSTEM32\windows.storage.dll
0x00007ffa64080000 - 0x00007ffa643f9000 	C:\WINDOWS\System32\combase.dll
0x00007ffa60a00000 - 0x00007ffa60b66000 	C:\WINDOWS\SYSTEM32\wintypes.dll
0x00007ffa65350000 - 0x00007ffa6543a000 	C:\WINDOWS\System32\SHCORE.dll
0x00007ffa65480000 - 0x00007ffa654dd000 	C:\WINDOWS\System32\shlwapi.dll
0x00007ffa62930000 - 0x00007ffa62951000 	C:\WINDOWS\SYSTEM32\profapi.dll
0x00007ffa46860000 - 0x00007ffa46873000 	C:\Program Files\Java\jdk-20\bin\net.dll
0x00007ffa5cfa0000 - 0x00007ffa5d0ac000 	C:\WINDOWS\SYSTEM32\WINHTTP.dll
0x00007ffa62020000 - 0x00007ffa62087000 	C:\WINDOWS\system32\mswsock.dll
0x00007ffa46800000 - 0x00007ffa46816000 	C:\Program Files\Java\jdk-20\bin\nio.dll
0x00007ffa461d0000 - 0x00007ffa461e8000 	C:\Program Files\Java\jdk-20\bin\zip.dll

dbghelp: loaded successfully - version: 4.0.5 - missing functions: none
symbol engine: initialized successfully - sym options: 0x614 - pdb path: .;C:\Program Files\Java\jdk-20\bin;C:\WINDOWS\SYSTEM32;C:\WINDOWS\WinSxS\amd64_microsoft.windows.common-controls_6595b64144ccf1df_6.0.22000.120_none_9d947278b86cc467;C:\Program Files\Java\jdk-20\bin\server

VM Arguments:
jvm_args: -Dfile.encoding=UTF-8 --module-path=C:\TY_PROJECT\CMS\build\classes 
java_command: CarManagement.Signup_User
java_class_path (initial): C:\pratik\jar_files\mysql-connector-java-8.0.18.jar;C:\TY_PROJECT\CMS\build\classes
Launcher Type: SUN_STANDARD

[Global flags]
     intx CICompilerCount                          = 4                                         {product} {ergonomic}
     uint ConcGCThreads                            = 2                                         {product} {ergonomic}
     uint G1ConcRefinementThreads                  = 8                                         {product} {ergonomic}
   size_t G1HeapRegionSize                         = 1048576                                   {product} {ergonomic}
    uintx GCDrainStackTargetSize                   = 64                                        {product} {ergonomic}
   size_t InitialHeapSize                          = 134217728                                 {product} {ergonomic}
   size_t MarkStackSize                            = 4194304                                   {product} {ergonomic}
   size_t MaxHeapSize                              = 2118123520                                {product} {ergonomic}
   size_t MaxNewSize                               = 1270874112                                {product} {ergonomic}
   size_t MinHeapDeltaBytes                        = 1048576                                   {product} {ergonomic}
   size_t MinHeapSize                              = 8388608                                   {product} {ergonomic}
    uintx NonNMethodCodeHeapSize                   = 5839372                                {pd product} {ergonomic}
    uintx NonProfiledCodeHeapSize                  = 122909434                              {pd product} {ergonomic}
    uintx ProfiledCodeHeapSize                     = 122909434                              {pd product} {ergonomic}
    uintx ReservedCodeCacheSize                    = 251658240                              {pd product} {ergonomic}
     bool SegmentedCodeCache                       = true                                      {product} {ergonomic}
   size_t SoftMaxHeapSize                          = 2118123520                             {manageable} {ergonomic}
     bool UseCompressedClassPointers               = true                           {product lp64_product} {ergonomic}
     bool UseCompressedOops                        = true                           {product lp64_product} {ergonomic}
     bool UseG1GC                                  = true                                      {product} {ergonomic}
     bool UseLargePagesIndividualAllocation        = false                                  {pd product} {ergonomic}

Logging:
Log output configuration:
 #0: stdout all=warning uptime,level,tags foldmultilines=false
 #1: stderr all=off uptime,level,tags foldmultilines=false

Environment Variables:
JAVA_HOME=C:\Program Files\Java\jdk1.8.0_202
PATH=C:\Program Files\Java\jdk1.8.0_202\bin;C:\Program Files\Common Files\Oracle\Java\javapath;C:\oraclexe\app\oracle\product\10.2.0\server\bin;C:\Program Files (x86)\Common Files\Oracle\Java\javapath;C:\Program Files\AdoptOpenJDK\jdk-11.0.10.9-hotspot\bin;C:\Program Files (x86)\Intel\Intel(R) Management Engine Components\iCLS\;C:\Program Files\Intel\Intel(R) Management Engine Components\iCLS\;C:\Windows\system32;C:\Windows;C:\Windows\System32\Wbem;C:\Windows\System32\WindowsPowerShell\v1.0\;C:\Windows\System32\OpenSSH\;C:\Program Files (x86)\NVIDIA Corporation\PhysX\Common;C:\Program Files (x86)\Intel\Intel(R) Management Engine Components\DAL;C:\Program Files\Intel\Intel(R) Management Engine Components\DAL;C:\Program Files (x86)\Intel\Intel(R) Management Engine Components\IPT;C:\Program Files\Intel\Intel(R) Management Engine Components\IPT;C:\Program Files\Intel\WiFi\bin\;C:\Program Files\Common Files\Intel\WirelessCommon\;C:\WINDOWS\system32;C:\WINDOWS;C:\WINDOWS\System32\Wbem;C:\WINDOWS\System32\WindowsPowerShell\v1.0\;C:\WINDOWS\System32\OpenSSH\;C:\Program Files\Git\cmd;C:\MinGW\bin;C:\Program Files\MATLAB\R2022b\runtime\win64;C:\Program Files\MATLAB\R2022b\bin;F:\;C:\Program Files (x86)\IVI Foundation\VISA\WinNT\Bin\;C:\Program Files\IVI Foundation\VISA\Win64\Bin\;C:\Program Files (x86)\IVI Foundation\VISA\WinNT\Bin;C:\Program Files\PuTTY\;C:\Program Files\MySQL\MySQL Server 8.0\bin;C:\Program Files\MySQL\MySQL Server 8.0;C:\Program Files\Java\jdk1.8.0_202\BIN;C:\Program Files\MySQL\MySQL Shell 8.0\bin\;C:\Program Files (x86)\Microchip\mplabc18\v3.47\mpasm;C:\Program Files (x86)\Microchip\mplabc18\v3.47\bin;C:\Users\PRAVIN\anaconda3;C:\Users\PRAVIN\anaconda3\Library\mingw-w64\bin;C:\Users\PRAVIN\anaconda3\Library\usr\bin;C:\Users\PRAVIN\anaconda3\Library\bin;C:\Users\PRAVIN\anaconda3\Scripts;C:\Users\PRAVIN\AppData\Local\Programs\Microsoft VS Code\bin;C:\Users\PRAVIN\AppData\Local\Microsoft\WindowsApps;C:\Program Files\Java\jdk-20\bin;
USERNAME=PRAVIN
OS=Windows_NT
PROCESSOR_IDENTIFIER=Intel64 Family 6 Model 142 Stepping 10, GenuineIntel
TMP=C:\Users\PRAVIN\AppData\Local\Temp
TEMP=C:\Users\PRAVIN\AppData\Local\Temp




---------------  S Y S T E M  ---------------

OS:
 Windows 11 , 64 bit Build 22000 (10.0.22000.708)
OS uptime: 0 days 19:09 hours

CPU: total 8 (initial active 8) (4 cores per cpu, 2 threads per core) family 6 model 142 stepping 10 microcode 0xe0, cx8, cmov, fxsr, ht, mmx, 3dnowpref, sse, sse2, sse3, ssse3, sse4.1, sse4.2, popcnt, lzcnt, tsc, tscinvbit, avx, avx2, aes, erms, clmul, bmi1, bmi2, adx, fma, vzeroupper, clflush, clflushopt, rdtscp, f16c

Memory: 4k page, system-wide physical 8073M (372M free)
TotalPageFile size 32649M (AvailPageFile size 0M)
current process WorkingSet (physical memory assigned to process): 35M, peak: 35M
current process commit charge ("private bytes"): 207M, peak: 207M

vm_info: Java HotSpot(TM) 64-Bit Server VM (20.0.2+9-78) for windows-amd64 JRE (20.0.2+9-78), built on 2023-06-14T10:08:48Z by "mach5one" with MS VC++ 17.1 (VS2022)

END.
